[2025-11-29 11:35:28] getNodes - Automation ID: 1, Nós encontrados: 0
[2025-11-29 11:35:28] show.php - Automation ID: 1
[2025-11-29 11:35:28] show.php - Nós recebidos: 0
[2025-11-29 11:35:28] show.php - Nenhum nó encontrado para automação ID: 1
[2025-11-29 11:35:28] show.php - JSON gerado (primeiros 200 chars): []
[2025-11-29 11:35:28] show.php - Total de nós no JSON: 0
[2025-11-29 11:35:35] saveLayout - Nós recebidos: []
[2025-11-29 11:35:35] getNodes - Automation ID: 1, Nós encontrados: 0
[2025-11-29 11:35:35] saveLayout - Nós antigos no banco: []
[2025-11-29 11:35:35] saveLayout - Layout salvo com sucesso. Total de nós: 0
[2025-11-29 11:35:35] saveLayout - IDs dos nós salvos: []
[2025-11-29 11:35:37] getNodes - Automation ID: 1, Nós encontrados: 0
[2025-11-29 11:35:37] show.php - Automation ID: 1
[2025-11-29 11:35:37] show.php - Nós recebidos: 0
[2025-11-29 11:35:37] show.php - Nenhum nó encontrado para automação ID: 1
[2025-11-29 11:35:37] show.php - JSON gerado (primeiros 200 chars): []
[2025-11-29 11:35:37] show.php - Total de nós no JSON: 0
[2025-11-29 11:36:54] getNodes - Automation ID: 1, Nós encontrados: 0
[2025-11-29 11:36:54] show.php - Automation ID: 1
[2025-11-29 11:36:54] show.php - Nós recebidos: 0
[2025-11-29 11:36:54] show.php - Nenhum nó encontrado para automação ID: 1
[2025-11-29 11:36:54] show.php - JSON gerado (primeiros 200 chars): []
[2025-11-29 11:36:54] show.php - Total de nós no JSON: 0
[2025-11-29 11:37:19] saveLayout - Nós recebidos: []
[2025-11-29 11:37:19] getNodes - Automation ID: 1, Nós encontrados: 0
[2025-11-29 11:37:19] saveLayout - Nós antigos no banco: []
[2025-11-29 11:37:19] saveLayout - Layout salvo com sucesso. Total de nós: 0
[2025-11-29 11:37:19] saveLayout - IDs dos nós salvos: []
[2025-11-29 11:37:20] getNodes - Automation ID: 1, Nós encontrados: 0
[2025-11-29 11:37:20] show.php - Automation ID: 1
[2025-11-29 11:37:20] show.php - Nós recebidos: 0
[2025-11-29 11:37:20] show.php - Nenhum nó encontrado para automação ID: 1
[2025-11-29 11:37:20] show.php - JSON gerado (primeiros 200 chars): []
[2025-11-29 11:37:20] show.php - Total de nós no JSON: 0
[2025-11-29 11:44:47] getNodes - Automation ID: 1, Nós encontrados: 0
[2025-11-29 11:44:47] show.php - Automation ID: 1
[2025-11-29 11:44:47] show.php - Nós recebidos: 0
[2025-11-29 11:44:47] show.php - Nenhum nó encontrado para automação ID: 1
[2025-11-29 11:44:47] show.php - JSON gerado (primeiros 200 chars): []
[2025-11-29 11:44:47] show.php - Total de nós no JSON: 0
[2025-11-29 11:44:57] saveLayout - Nós recebidos: []
[2025-11-29 11:44:57] getNodes - Automation ID: 1, Nós encontrados: 0
[2025-11-29 11:44:57] saveLayout - Nós antigos no banco: []
[2025-11-29 11:44:57] saveLayout - Layout salvo com sucesso. Total de nós: 0
[2025-11-29 11:44:57] saveLayout - IDs dos nós salvos: []
[2025-11-29 11:45:08] getNodes - Automation ID: 1, Nós encontrados: 0
[2025-11-29 11:45:08] show.php - Automation ID: 1
[2025-11-29 11:45:08] show.php - Nós recebidos: 0
[2025-11-29 11:45:08] show.php - Nenhum nó encontrado para automação ID: 1
[2025-11-29 11:45:08] show.php - JSON gerado (primeiros 200 chars): []
[2025-11-29 11:45:08] show.php - Total de nós no JSON: 0
[2025-11-29 11:46:27] getNodes - Automation ID: 1, Nós encontrados: 0
[2025-11-29 11:46:27] show.php - Automation ID: 1
[2025-11-29 11:46:27] show.php - Nós recebidos: 0
[2025-11-29 11:46:27] show.php - Nenhum nó encontrado para automação ID: 1
[2025-11-29 11:46:27] show.php - JSON gerado (primeiros 200 chars): []
[2025-11-29 11:46:27] show.php - Total de nós no JSON: 0
[2025-11-29 11:46:31] saveLayout - Raw input recebido: {"nodes":[{"node_type":"trigger","node_data":{"label":"Gatilho","connections":[],"channel":"","whatsapp_account_id":""},"position_x":175,"position_y":307}]}
[2025-11-29 11:46:31] saveLayout - Content-Type: application/json
[2025-11-29 11:46:31] saveLayout - Nós após Request::post: [{"node_type":"trigger","node_data":{"label":"Gatilho","connections":[],"channel":"","whatsapp_account_id":""},"position_x":175,"position_y":307}]
[2025-11-29 11:46:31] saveLayout - Tipo de nodes: array
[2025-11-29 11:46:31] saveLayout - É array? SIM
[2025-11-29 11:46:31] getNodes - Automation ID: 1, Nós encontrados: 0
[2025-11-29 11:46:31] saveLayout - Nós antigos no banco: []
[2025-11-29 11:46:31] saveLayout - Criando novo nó (ID recebido: null)
[2025-11-29 11:46:31] saveLayout - Novo nó criado com ID: 1
[2025-11-29 11:46:31] saveLayout - Layout salvo com sucesso. Total de nós: 1
[2025-11-29 11:46:31] saveLayout - IDs dos nós salvos: [1]
[2025-11-29 11:46:33] getNodes - Automation ID: 1, Nós encontrados: 1
[2025-11-29 11:46:33] getNodes - Primeiro nó: {"id":1,"automation_id":1,"node_type":"trigger","node_data":"{\"label\": \"Gatilho\", \"channel\": \"\", \"connections\": [], \"whatsapp_account_id\": \"\"}","position_x":175,"position_y":307,"created_at":"2025-11-29 11:46:31","updated_at":"2025-11-29 11:46:31"}
[2025-11-29 11:46:33] show.php - Automation ID: 1
[2025-11-29 11:46:33] show.php - Nós recebidos: 1
[2025-11-29 11:46:33] show.php - Primeiro nó: {"id":1,"automation_id":1,"node_type":"trigger","node_data":{"label":"Gatilho","channel":"","connections":[],"whatsapp_account_id":""},"position_x":175,"position_y":307,"created_at":"2025-11-29 11:46:31","updated_at":"2025-11-29 11:46:31"}
[2025-11-29 11:46:33] show.php - JSON gerado (primeiros 200 chars): [{"id":1,"automation_id":1,"node_type":"trigger","node_data":{"label":"Gatilho","channel":"","connections":[],"whatsapp_account_id":""},"position_x":175,"position_y":307,"created_at":"2025-11-29 11:46
[2025-11-29 11:46:33] show.php - Total de nós no JSON: 1
[2025-11-29 11:46:44] saveLayout - Raw input recebido: {"nodes":[{"node_type":"trigger","node_data":{"label":"Gatilho","channel":"","connections":[{"target_node_id":"node_2","type":"next"}],"whatsapp_account_id":""},"position_x":146,"position_y":196,"id":1},{"node_type":"condition","node_data":{"label":"Condição","connections":[],"field":"channel","operator":"equals","value":"1"},"position_x":414,"position_y":220}]}
[2025-11-29 11:46:44] saveLayout - Content-Type: application/json
[2025-11-29 11:46:44] saveLayout - Nós após Request::post: [{"node_type":"trigger","node_data":{"label":"Gatilho","channel":"","connections":[{"target_node_id":"node_2","type":"next"}],"whatsapp_account_id":""},"position_x":146,"position_y":196,"id":1},{"node_type":"condition","node_data":{"label":"Condi\u00e7\u00e3o","connections":[],"field":"channel","operator":"equals","value":"1"},"position_x":414,"position_y":220}]
[2025-11-29 11:46:44] saveLayout - Tipo de nodes: array
[2025-11-29 11:46:44] saveLayout - É array? SIM
[2025-11-29 11:46:44] getNodes - Automation ID: 1, Nós encontrados: 1
[2025-11-29 11:46:44] getNodes - Primeiro nó: {"id":1,"automation_id":1,"node_type":"trigger","node_data":"{\"label\": \"Gatilho\", \"channel\": \"\", \"connections\": [], \"whatsapp_account_id\": \"\"}","position_x":175,"position_y":307,"created_at":"2025-11-29 11:46:31","updated_at":"2025-11-29 11:46:31"}
[2025-11-29 11:46:44] saveLayout - Nós antigos no banco: [1]
[2025-11-29 11:46:44] saveLayout - Atualizando nó existente: 1
[2025-11-29 11:46:44] saveLayout - Criando novo nó (ID recebido: null)
[2025-11-29 11:46:44] saveLayout - Novo nó criado com ID: 2
[2025-11-29 11:46:44] saveLayout - Layout salvo com sucesso. Total de nós: 2
[2025-11-29 11:46:44] saveLayout - IDs dos nós salvos: [1,2]
[2025-11-29 11:46:45] getNodes - Automation ID: 1, Nós encontrados: 2
[2025-11-29 11:46:45] getNodes - Primeiro nó: {"id":1,"automation_id":1,"node_type":"trigger","node_data":"{\"label\": \"Gatilho\", \"channel\": \"\", \"connections\": [{\"type\": \"next\", \"target_node_id\": \"node_2\"}], \"whatsapp_account_id\": \"\"}","position_x":146,"position_y":196,"created_at":"2025-11-29 11:46:31","updated_at":"2025-11-29 11:46:44"}
[2025-11-29 11:46:45] show.php - Automation ID: 1
[2025-11-29 11:46:45] show.php - Nós recebidos: 2
[2025-11-29 11:46:45] show.php - Primeiro nó: {"id":1,"automation_id":1,"node_type":"trigger","node_data":{"label":"Gatilho","channel":"","connections":[{"type":"next","target_node_id":"node_2"}],"whatsapp_account_id":""},"position_x":146,"position_y":196,"created_at":"2025-11-29 11:46:31","updated_at":"2025-11-29 11:46:44"}
[2025-11-29 11:46:45] show.php - JSON gerado (primeiros 200 chars): [{"id":1,"automation_id":1,"node_type":"trigger","node_data":{"label":"Gatilho","channel":"","connections":[{"type":"next","target_node_id":"node_2"}],"whatsapp_account_id":""},"position_x":146,"posit
[2025-11-29 11:46:45] show.php - Total de nós no JSON: 2
[2025-11-29 11:46:49] getNodes - Automation ID: 1, Nós encontrados: 2
[2025-11-29 11:46:49] getNodes - Primeiro nó: {"id":1,"automation_id":1,"node_type":"trigger","node_data":"{\"label\": \"Gatilho\", \"channel\": \"\", \"connections\": [{\"type\": \"next\", \"target_node_id\": \"node_2\"}], \"whatsapp_account_id\": \"\"}","position_x":146,"position_y":196,"created_at":"2025-11-29 11:46:31","updated_at":"2025-11-29 11:46:44"}
[2025-11-29 11:46:49] show.php - Automation ID: 1
[2025-11-29 11:46:49] show.php - Nós recebidos: 2
[2025-11-29 11:46:49] show.php - Primeiro nó: {"id":1,"automation_id":1,"node_type":"trigger","node_data":{"label":"Gatilho","channel":"","connections":[{"type":"next","target_node_id":"node_2"}],"whatsapp_account_id":""},"position_x":146,"position_y":196,"created_at":"2025-11-29 11:46:31","updated_at":"2025-11-29 11:46:44"}
[2025-11-29 11:46:49] show.php - JSON gerado (primeiros 200 chars): [{"id":1,"automation_id":1,"node_type":"trigger","node_data":{"label":"Gatilho","channel":"","connections":[{"type":"next","target_node_id":"node_2"}],"whatsapp_account_id":""},"position_x":146,"posit
[2025-11-29 11:46:49] show.php - Total de nós no JSON: 2
[2025-11-29 11:48:03] getNodes - Automation ID: 1, Nós encontrados: 2
[2025-11-29 11:48:03] getNodes - Primeiro nó: {"id":1,"automation_id":1,"node_type":"trigger","node_data":"{\"label\": \"Gatilho\", \"channel\": \"\", \"connections\": [{\"type\": \"next\", \"target_node_id\": \"node_2\"}], \"whatsapp_account_id\": \"\"}","position_x":146,"position_y":196,"created_at":"2025-11-29 11:46:31","updated_at":"2025-11-29 11:46:44"}
[2025-11-29 11:48:03] show.php - Automation ID: 1
[2025-11-29 11:48:03] show.php - Nós recebidos: 2
[2025-11-29 11:48:03] show.php - Primeiro nó: {"id":1,"automation_id":1,"node_type":"trigger","node_data":{"label":"Gatilho","channel":"","connections":[{"type":"next","target_node_id":"node_2"}],"whatsapp_account_id":""},"position_x":146,"position_y":196,"created_at":"2025-11-29 11:46:31","updated_at":"2025-11-29 11:46:44"}
[2025-11-29 11:48:03] show.php - JSON gerado (primeiros 200 chars): [{"id":1,"automation_id":1,"node_type":"trigger","node_data":{"label":"Gatilho","channel":"","connections":[{"type":"next","target_node_id":"node_2"}],"whatsapp_account_id":""},"position_x":146,"posit
[2025-11-29 11:48:03] show.php - Total de nós no JSON: 2
[2025-11-29 11:48:06] saveLayout - Raw input recebido: {"nodes":[{"node_type":"trigger","node_data":{"label":"Gatilho","channel":"","connections":[{"type":"next","target_node_id":"node_2"},{"target_node_id":2,"type":"next"}],"whatsapp_account_id":""},"position_x":146,"position_y":196,"id":1},{"node_type":"condition","node_data":{"field":"channel","label":"Condição","value":1,"operator":"equals","connections":[]},"position_x":414,"position_y":220,"id":2}]}
[2025-11-29 11:48:06] saveLayout - Content-Type: application/json
[2025-11-29 11:48:06] saveLayout - Nós após Request::post: [{"node_type":"trigger","node_data":{"label":"Gatilho","channel":"","connections":[{"type":"next","target_node_id":"node_2"},{"target_node_id":2,"type":"next"}],"whatsapp_account_id":""},"position_x":146,"position_y":196,"id":1},{"node_type":"condition","node_data":{"field":"channel","label":"Condi\u00e7\u00e3o","value":1,"operator":"equals","connections":[]},"position_x":414,"position_y":220,"id":2}]
[2025-11-29 11:48:06] saveLayout - Tipo de nodes: array
[2025-11-29 11:48:06] saveLayout - É array? SIM
[2025-11-29 11:48:06] getNodes - Automation ID: 1, Nós encontrados: 2
[2025-11-29 11:48:06] getNodes - Primeiro nó: {"id":1,"automation_id":1,"node_type":"trigger","node_data":"{\"label\": \"Gatilho\", \"channel\": \"\", \"connections\": [{\"type\": \"next\", \"target_node_id\": \"node_2\"}], \"whatsapp_account_id\": \"\"}","position_x":146,"position_y":196,"created_at":"2025-11-29 11:46:31","updated_at":"2025-11-29 11:46:44"}
[2025-11-29 11:48:06] saveLayout - Nós antigos no banco: [1,2]
[2025-11-29 11:48:06] saveLayout - Atualizando nó existente: 1
[2025-11-29 11:48:06] saveLayout - Atualizando nó existente: 2
[2025-11-29 11:48:06] saveLayout - Layout salvo com sucesso. Total de nós: 2
[2025-11-29 11:48:06] saveLayout - IDs dos nós salvos: [1,2]
[2025-11-29 11:48:08] getNodes - Automation ID: 1, Nós encontrados: 2
[2025-11-29 11:48:08] getNodes - Primeiro nó: {"id":1,"automation_id":1,"node_type":"trigger","node_data":"{\"label\": \"Gatilho\", \"channel\": \"\", \"connections\": [{\"type\": \"next\", \"target_node_id\": \"node_2\"}, {\"type\": \"next\", \"target_node_id\": 2}], \"whatsapp_account_id\": \"\"}","position_x":146,"position_y":196,"created_at":"2025-11-29 11:46:31","updated_at":"2025-11-29 11:48:06"}
[2025-11-29 11:48:08] show.php - Automation ID: 1
[2025-11-29 11:48:08] show.php - Nós recebidos: 2
[2025-11-29 11:48:08] show.php - Primeiro nó: {"id":1,"automation_id":1,"node_type":"trigger","node_data":{"label":"Gatilho","channel":"","connections":[{"type":"next","target_node_id":"node_2"},{"type":"next","target_node_id":2}],"whatsapp_account_id":""},"position_x":146,"position_y":196,"created_at":"2025-11-29 11:46:31","updated_at":"2025-11-29 11:48:06"}
[2025-11-29 11:48:08] show.php - JSON gerado (primeiros 200 chars): [{"id":1,"automation_id":1,"node_type":"trigger","node_data":{"label":"Gatilho","channel":"","connections":[{"type":"next","target_node_id":"node_2"},{"type":"next","target_node_id":2}],"whatsapp_acco
[2025-11-29 11:48:08] show.php - Total de nós no JSON: 2
[2025-11-29 11:48:10] getNodes - Automation ID: 1, Nós encontrados: 2
[2025-11-29 11:48:10] getNodes - Primeiro nó: {"id":1,"automation_id":1,"node_type":"trigger","node_data":"{\"label\": \"Gatilho\", \"channel\": \"\", \"connections\": [{\"type\": \"next\", \"target_node_id\": \"node_2\"}, {\"type\": \"next\", \"target_node_id\": 2}], \"whatsapp_account_id\": \"\"}","position_x":146,"position_y":196,"created_at":"2025-11-29 11:46:31","updated_at":"2025-11-29 11:48:06"}
[2025-11-29 11:48:10] show.php - Automation ID: 1
[2025-11-29 11:48:10] show.php - Nós recebidos: 2
[2025-11-29 11:48:10] show.php - Primeiro nó: {"id":1,"automation_id":1,"node_type":"trigger","node_data":{"label":"Gatilho","channel":"","connections":[{"type":"next","target_node_id":"node_2"},{"type":"next","target_node_id":2}],"whatsapp_account_id":""},"position_x":146,"position_y":196,"created_at":"2025-11-29 11:46:31","updated_at":"2025-11-29 11:48:06"}
[2025-11-29 11:48:10] show.php - JSON gerado (primeiros 200 chars): [{"id":1,"automation_id":1,"node_type":"trigger","node_data":{"label":"Gatilho","channel":"","connections":[{"type":"next","target_node_id":"node_2"},{"type":"next","target_node_id":2}],"whatsapp_acco
[2025-11-29 11:48:10] show.php - Total de nós no JSON: 2
[2025-11-29 11:48:11] getNodes - Automation ID: 1, Nós encontrados: 2
[2025-11-29 11:48:11] getNodes - Primeiro nó: {"id":1,"automation_id":1,"node_type":"trigger","node_data":"{\"label\": \"Gatilho\", \"channel\": \"\", \"connections\": [{\"type\": \"next\", \"target_node_id\": \"node_2\"}, {\"type\": \"next\", \"target_node_id\": 2}], \"whatsapp_account_id\": \"\"}","position_x":146,"position_y":196,"created_at":"2025-11-29 11:46:31","updated_at":"2025-11-29 11:48:06"}
[2025-11-29 11:48:11] show.php - Automation ID: 1
[2025-11-29 11:48:11] show.php - Nós recebidos: 2
[2025-11-29 11:48:11] show.php - Primeiro nó: {"id":1,"automation_id":1,"node_type":"trigger","node_data":{"label":"Gatilho","channel":"","connections":[{"type":"next","target_node_id":"node_2"},{"type":"next","target_node_id":2}],"whatsapp_account_id":""},"position_x":146,"position_y":196,"created_at":"2025-11-29 11:46:31","updated_at":"2025-11-29 11:48:06"}
[2025-11-29 11:48:11] show.php - JSON gerado (primeiros 200 chars): [{"id":1,"automation_id":1,"node_type":"trigger","node_data":{"label":"Gatilho","channel":"","connections":[{"type":"next","target_node_id":"node_2"},{"type":"next","target_node_id":2}],"whatsapp_acco
[2025-11-29 11:48:11] show.php - Total de nós no JSON: 2
[2025-11-29 11:48:11] getNodes - Automation ID: 1, Nós encontrados: 2
[2025-11-29 11:48:11] getNodes - Primeiro nó: {"id":1,"automation_id":1,"node_type":"trigger","node_data":"{\"label\": \"Gatilho\", \"channel\": \"\", \"connections\": [{\"type\": \"next\", \"target_node_id\": \"node_2\"}, {\"type\": \"next\", \"target_node_id\": 2}], \"whatsapp_account_id\": \"\"}","position_x":146,"position_y":196,"created_at":"2025-11-29 11:46:31","updated_at":"2025-11-29 11:48:06"}
[2025-11-29 11:48:11] show.php - Automation ID: 1
[2025-11-29 11:48:11] show.php - Nós recebidos: 2
[2025-11-29 11:48:11] show.php - Primeiro nó: {"id":1,"automation_id":1,"node_type":"trigger","node_data":{"label":"Gatilho","channel":"","connections":[{"type":"next","target_node_id":"node_2"},{"type":"next","target_node_id":2}],"whatsapp_account_id":""},"position_x":146,"position_y":196,"created_at":"2025-11-29 11:46:31","updated_at":"2025-11-29 11:48:06"}
[2025-11-29 11:48:11] show.php - JSON gerado (primeiros 200 chars): [{"id":1,"automation_id":1,"node_type":"trigger","node_data":{"label":"Gatilho","channel":"","connections":[{"type":"next","target_node_id":"node_2"},{"type":"next","target_node_id":2}],"whatsapp_acco
[2025-11-29 11:48:11] show.php - Total de nós no JSON: 2
[2025-11-29 11:48:11] getNodes - Automation ID: 1, Nós encontrados: 2
[2025-11-29 11:48:11] getNodes - Primeiro nó: {"id":1,"automation_id":1,"node_type":"trigger","node_data":"{\"label\": \"Gatilho\", \"channel\": \"\", \"connections\": [{\"type\": \"next\", \"target_node_id\": \"node_2\"}, {\"type\": \"next\", \"target_node_id\": 2}], \"whatsapp_account_id\": \"\"}","position_x":146,"position_y":196,"created_at":"2025-11-29 11:46:31","updated_at":"2025-11-29 11:48:06"}
[2025-11-29 11:48:11] show.php - Automation ID: 1
[2025-11-29 11:48:11] show.php - Nós recebidos: 2
[2025-11-29 11:48:11] show.php - Primeiro nó: {"id":1,"automation_id":1,"node_type":"trigger","node_data":{"label":"Gatilho","channel":"","connections":[{"type":"next","target_node_id":"node_2"},{"type":"next","target_node_id":2}],"whatsapp_account_id":""},"position_x":146,"position_y":196,"created_at":"2025-11-29 11:46:31","updated_at":"2025-11-29 11:48:06"}
[2025-11-29 11:48:11] show.php - JSON gerado (primeiros 200 chars): [{"id":1,"automation_id":1,"node_type":"trigger","node_data":{"label":"Gatilho","channel":"","connections":[{"type":"next","target_node_id":"node_2"},{"type":"next","target_node_id":2}],"whatsapp_acco
[2025-11-29 11:48:11] show.php - Total de nós no JSON: 2
[2025-11-29 11:48:13] getNodes - Automation ID: 1, Nós encontrados: 2
[2025-11-29 11:48:13] getNodes - Primeiro nó: {"id":1,"automation_id":1,"node_type":"trigger","node_data":"{\"label\": \"Gatilho\", \"channel\": \"\", \"connections\": [{\"type\": \"next\", \"target_node_id\": \"node_2\"}, {\"type\": \"next\", \"target_node_id\": 2}], \"whatsapp_account_id\": \"\"}","position_x":146,"position_y":196,"created_at":"2025-11-29 11:46:31","updated_at":"2025-11-29 11:48:06"}
[2025-11-29 11:48:13] show.php - Automation ID: 1
[2025-11-29 11:48:13] show.php - Nós recebidos: 2
[2025-11-29 11:48:13] show.php - Primeiro nó: {"id":1,"automation_id":1,"node_type":"trigger","node_data":{"label":"Gatilho","channel":"","connections":[{"type":"next","target_node_id":"node_2"},{"type":"next","target_node_id":2}],"whatsapp_account_id":""},"position_x":146,"position_y":196,"created_at":"2025-11-29 11:46:31","updated_at":"2025-11-29 11:48:06"}
[2025-11-29 11:48:13] show.php - JSON gerado (primeiros 200 chars): [{"id":1,"automation_id":1,"node_type":"trigger","node_data":{"label":"Gatilho","channel":"","connections":[{"type":"next","target_node_id":"node_2"},{"type":"next","target_node_id":2}],"whatsapp_acco
[2025-11-29 11:48:13] show.php - Total de nós no JSON: 2
[2025-11-29 11:48:17] getNodes - Automation ID: 1, Nós encontrados: 2
[2025-11-29 11:48:17] getNodes - Primeiro nó: {"id":1,"automation_id":1,"node_type":"trigger","node_data":"{\"label\": \"Gatilho\", \"channel\": \"\", \"connections\": [{\"type\": \"next\", \"target_node_id\": \"node_2\"}, {\"type\": \"next\", \"target_node_id\": 2}], \"whatsapp_account_id\": \"\"}","position_x":146,"position_y":196,"created_at":"2025-11-29 11:46:31","updated_at":"2025-11-29 11:48:06"}
[2025-11-29 11:48:17] show.php - Automation ID: 1
[2025-11-29 11:48:17] show.php - Nós recebidos: 2
[2025-11-29 11:48:17] show.php - Primeiro nó: {"id":1,"automation_id":1,"node_type":"trigger","node_data":{"label":"Gatilho","channel":"","connections":[{"type":"next","target_node_id":"node_2"},{"type":"next","target_node_id":2}],"whatsapp_account_id":""},"position_x":146,"position_y":196,"created_at":"2025-11-29 11:46:31","updated_at":"2025-11-29 11:48:06"}
[2025-11-29 11:48:17] show.php - JSON gerado (primeiros 200 chars): [{"id":1,"automation_id":1,"node_type":"trigger","node_data":{"label":"Gatilho","channel":"","connections":[{"type":"next","target_node_id":"node_2"},{"type":"next","target_node_id":2}],"whatsapp_acco
[2025-11-29 11:48:17] show.php - Total de nós no JSON: 2
[2025-11-29 12:01:37] getNodes - Automation ID: 1, Nós encontrados: 2
[2025-11-29 12:01:37] getNodes - Primeiro nó: {"id":1,"automation_id":1,"node_type":"trigger","node_data":"{\"label\": \"Gatilho\", \"channel\": \"\", \"connections\": [{\"type\": \"next\", \"target_node_id\": \"node_2\"}, {\"type\": \"next\", \"target_node_id\": 2}], \"whatsapp_account_id\": \"\"}","position_x":146,"position_y":196,"created_at":"2025-11-29 11:46:31","updated_at":"2025-11-29 11:48:06"}
[2025-11-29 12:01:37] show.php - Automation ID: 1
[2025-11-29 12:01:37] show.php - Nós recebidos: 2
[2025-11-29 12:01:37] show.php - Primeiro nó: {"id":1,"automation_id":1,"node_type":"trigger","node_data":{"label":"Gatilho","channel":"","connections":[{"type":"next","target_node_id":"node_2"},{"type":"next","target_node_id":2}],"whatsapp_account_id":""},"position_x":146,"position_y":196,"created_at":"2025-11-29 11:46:31","updated_at":"2025-11-29 11:48:06"}
[2025-11-29 12:01:37] show.php - JSON gerado (primeiros 200 chars): [{"id":1,"automation_id":1,"node_type":"trigger","node_data":{"label":"Gatilho","channel":"","connections":[{"type":"next","target_node_id":"node_2"},{"type":"next","target_node_id":2}],"whatsapp_acco
[2025-11-29 12:01:37] show.php - Total de nós no JSON: 2
[2025-11-29 14:26:52] getNodes - Automation ID: 1, Nós encontrados: 2
[2025-11-29 14:26:52] getNodes - Primeiro nó: {"id":1,"automation_id":1,"node_type":"trigger","node_data":"{\"label\": \"Gatilho\", \"channel\": \"\", \"connections\": [{\"type\": \"next\", \"target_node_id\": \"node_2\"}, {\"type\": \"next\", \"target_node_id\": 2}], \"whatsapp_account_id\": \"\"}","position_x":146,"position_y":196,"created_at":"2025-11-29 11:46:31","updated_at":"2025-11-29 11:48:06"}
[2025-11-29 14:26:52] show.php - Automation ID: 1
[2025-11-29 14:26:52] show.php - Nós recebidos: 2
[2025-11-29 14:26:52] show.php - Primeiro nó: {"id":1,"automation_id":1,"node_type":"trigger","node_data":{"label":"Gatilho","channel":"","connections":[{"type":"next","target_node_id":"node_2"},{"type":"next","target_node_id":2}],"whatsapp_account_id":""},"position_x":146,"position_y":196,"created_at":"2025-11-29 11:46:31","updated_at":"2025-11-29 11:48:06"}
[2025-11-29 14:26:52] show.php - JSON gerado (primeiros 200 chars): [{"id":1,"automation_id":1,"node_type":"trigger","node_data":{"label":"Gatilho","channel":"","connections":[{"type":"next","target_node_id":"node_2"},{"type":"next","target_node_id":2}],"whatsapp_acco
[2025-11-29 14:26:52] show.php - Total de nós no JSON: 2
[2025-11-29 15:33:00] getNodes - Automation ID: 1, Nós encontrados: 2
[2025-11-29 15:33:00] getNodes - Primeiro nó: {"id":1,"automation_id":1,"node_type":"trigger","node_data":"{\"label\": \"Gatilho\", \"channel\": \"\", \"connections\": [{\"type\": \"next\", \"target_node_id\": \"node_2\"}, {\"type\": \"next\", \"target_node_id\": 2}], \"whatsapp_account_id\": \"\"}","position_x":146,"position_y":196,"created_at":"2025-11-29 11:46:31","updated_at":"2025-11-29 11:48:06"}
[2025-11-29 15:33:00] show.php - Automation ID: 1
[2025-11-29 15:33:00] show.php - Nós recebidos: 2
[2025-11-29 15:33:00] show.php - Primeiro nó: {"id":1,"automation_id":1,"node_type":"trigger","node_data":{"label":"Gatilho","channel":"","connections":[{"type":"next","target_node_id":"node_2"},{"type":"next","target_node_id":2}],"whatsapp_account_id":""},"position_x":146,"position_y":196,"created_at":"2025-11-29 11:46:31","updated_at":"2025-11-29 11:48:06"}
[2025-11-29 15:33:00] show.php - JSON gerado (primeiros 200 chars): [{"id":1,"automation_id":1,"node_type":"trigger","node_data":{"label":"Gatilho","channel":"","connections":[{"type":"next","target_node_id":"node_2"},{"type":"next","target_node_id":2}],"whatsapp_acco
[2025-11-29 15:33:00] show.php - Total de nós no JSON: 2
[2025-12-01 17:24:33] getNodes - Automation ID: 1, Nós encontrados: 2
[2025-12-01 17:24:33] getNodes - Primeiro nó: {"id":1,"automation_id":1,"node_type":"trigger","node_data":"{\"label\": \"Gatilho\", \"channel\": \"\", \"connections\": [{\"type\": \"next\", \"target_node_id\": \"node_2\"}, {\"type\": \"next\", \"target_node_id\": 2}], \"whatsapp_account_id\": \"\"}","position_x":146,"position_y":196,"created_at":"2025-11-29 11:46:31","updated_at":"2025-11-29 11:48:06"}
[2025-12-01 17:38:16] getNodes - Automation ID: 1, Nós encontrados: 2
[2025-12-01 17:38:16] getNodes - Primeiro nó: {"id":1,"automation_id":1,"node_type":"trigger","node_data":"{\"label\": \"Gatilho\", \"channel\": \"\", \"connections\": [{\"type\": \"next\", \"target_node_id\": \"node_2\"}, {\"type\": \"next\", \"target_node_id\": 2}], \"whatsapp_account_id\": \"\"}","position_x":146,"position_y":196,"created_at":"2025-11-29 11:46:31","updated_at":"2025-11-29 11:48:06"}
[2025-12-01 17:38:20] getNodes - Automation ID: 1, Nós encontrados: 2
[2025-12-01 17:38:20] getNodes - Primeiro nó: {"id":1,"automation_id":1,"node_type":"trigger","node_data":"{\"label\": \"Gatilho\", \"channel\": \"\", \"connections\": [{\"type\": \"next\", \"target_node_id\": \"node_2\"}, {\"type\": \"next\", \"target_node_id\": 2}], \"whatsapp_account_id\": \"\"}","position_x":146,"position_y":196,"created_at":"2025-11-29 11:46:31","updated_at":"2025-11-29 11:48:06"}
[2025-12-01 17:38:23] getNodes - Automation ID: 1, Nós encontrados: 2
[2025-12-01 17:38:23] getNodes - Primeiro nó: {"id":1,"automation_id":1,"node_type":"trigger","node_data":"{\"label\": \"Gatilho\", \"channel\": \"\", \"connections\": [{\"type\": \"next\", \"target_node_id\": \"node_2\"}, {\"type\": \"next\", \"target_node_id\": 2}], \"whatsapp_account_id\": \"\"}","position_x":146,"position_y":196,"created_at":"2025-11-29 11:46:31","updated_at":"2025-11-29 11:48:06"}
[2025-12-01 17:38:36] getNodes - Automation ID: 1, Nós encontrados: 2
[2025-12-01 17:38:36] getNodes - Primeiro nó: {"id":1,"automation_id":1,"node_type":"trigger","node_data":"{\"label\": \"Gatilho\", \"channel\": \"\", \"connections\": [{\"type\": \"next\", \"target_node_id\": \"node_2\"}, {\"type\": \"next\", \"target_node_id\": 2}], \"whatsapp_account_id\": \"\"}","position_x":146,"position_y":196,"created_at":"2025-11-29 11:46:31","updated_at":"2025-11-29 11:48:06"}
[2025-12-01 17:46:42] getNodes - Automation ID: 1, Nós encontrados: 2
[2025-12-01 17:46:42] getNodes - Primeiro nó: {"id":1,"automation_id":1,"node_type":"trigger","node_data":"{\"label\": \"Gatilho\", \"channel\": \"\", \"connections\": [{\"type\": \"next\", \"target_node_id\": \"node_2\"}, {\"type\": \"next\", \"target_node_id\": 2}], \"whatsapp_account_id\": \"\"}","position_x":146,"position_y":196,"created_at":"2025-11-29 11:46:31","updated_at":"2025-11-29 11:48:06"}
[2025-12-01 17:46:44] getNodes - Automation ID: 1, Nós encontrados: 2
[2025-12-01 17:46:44] getNodes - Primeiro nó: {"id":1,"automation_id":1,"node_type":"trigger","node_data":"{\"label\": \"Gatilho\", \"channel\": \"\", \"connections\": [{\"type\": \"next\", \"target_node_id\": \"node_2\"}, {\"type\": \"next\", \"target_node_id\": 2}], \"whatsapp_account_id\": \"\"}","position_x":146,"position_y":196,"created_at":"2025-11-29 11:46:31","updated_at":"2025-11-29 11:48:06"}
[2025-12-01 17:46:47] getNodes - Automation ID: 1, Nós encontrados: 2
[2025-12-01 17:46:47] getNodes - Primeiro nó: {"id":1,"automation_id":1,"node_type":"trigger","node_data":"{\"label\": \"Gatilho\", \"channel\": \"\", \"connections\": [{\"type\": \"next\", \"target_node_id\": \"node_2\"}, {\"type\": \"next\", \"target_node_id\": 2}], \"whatsapp_account_id\": \"\"}","position_x":146,"position_y":196,"created_at":"2025-11-29 11:46:31","updated_at":"2025-11-29 11:48:06"}
[2025-12-01 17:47:03] getNodes - Automation ID: 1, Nós encontrados: 2
[2025-12-01 17:47:03] getNodes - Primeiro nó: {"id":1,"automation_id":1,"node_type":"trigger","node_data":"{\"label\": \"Gatilho\", \"channel\": \"\", \"connections\": [{\"type\": \"next\", \"target_node_id\": \"node_2\"}, {\"type\": \"next\", \"target_node_id\": 2}], \"whatsapp_account_id\": \"\"}","position_x":146,"position_y":196,"created_at":"2025-11-29 11:46:31","updated_at":"2025-11-29 11:48:06"}
[2025-12-01 17:50:47] getNodes - Automation ID: 1, Nós encontrados: 2
[2025-12-01 17:50:47] getNodes - Primeiro nó: {"id":1,"automation_id":1,"node_type":"trigger","node_data":"{\"label\": \"Gatilho\", \"channel\": \"\", \"connections\": [{\"type\": \"next\", \"target_node_id\": \"node_2\"}, {\"type\": \"next\", \"target_node_id\": 2}], \"whatsapp_account_id\": \"\"}","position_x":146,"position_y":196,"created_at":"2025-11-29 11:46:31","updated_at":"2025-11-29 11:48:06"}
[2025-12-01 17:50:48] getNodes - Automation ID: 1, Nós encontrados: 2
[2025-12-01 17:50:48] getNodes - Primeiro nó: {"id":1,"automation_id":1,"node_type":"trigger","node_data":"{\"label\": \"Gatilho\", \"channel\": \"\", \"connections\": [{\"type\": \"next\", \"target_node_id\": \"node_2\"}, {\"type\": \"next\", \"target_node_id\": 2}], \"whatsapp_account_id\": \"\"}","position_x":146,"position_y":196,"created_at":"2025-11-29 11:46:31","updated_at":"2025-11-29 11:48:06"}
[2025-12-01 17:50:48] getNodes - Automation ID: 1, Nós encontrados: 2
[2025-12-01 17:50:48] getNodes - Primeiro nó: {"id":1,"automation_id":1,"node_type":"trigger","node_data":"{\"label\": \"Gatilho\", \"channel\": \"\", \"connections\": [{\"type\": \"next\", \"target_node_id\": \"node_2\"}, {\"type\": \"next\", \"target_node_id\": 2}], \"whatsapp_account_id\": \"\"}","position_x":146,"position_y":196,"created_at":"2025-11-29 11:46:31","updated_at":"2025-11-29 11:48:06"}
[2025-12-01 17:50:49] getNodes - Automation ID: 1, Nós encontrados: 2
[2025-12-01 17:50:49] getNodes - Primeiro nó: {"id":1,"automation_id":1,"node_type":"trigger","node_data":"{\"label\": \"Gatilho\", \"channel\": \"\", \"connections\": [{\"type\": \"next\", \"target_node_id\": \"node_2\"}, {\"type\": \"next\", \"target_node_id\": 2}], \"whatsapp_account_id\": \"\"}","position_x":146,"position_y":196,"created_at":"2025-11-29 11:46:31","updated_at":"2025-11-29 11:48:06"}
[2025-12-02 08:34:48] getNodes - Automation ID: 1, Nós encontrados: 2
[2025-12-02 08:34:48] getNodes - Primeiro nó: {"id":1,"automation_id":1,"node_type":"trigger","node_data":"{\"label\": \"Gatilho\", \"channel\": \"\", \"connections\": [{\"type\": \"next\", \"target_node_id\": \"node_2\"}, {\"type\": \"next\", \"target_node_id\": 2}], \"whatsapp_account_id\": \"\"}","position_x":146,"position_y":196,"created_at":"2025-11-29 11:46:31","updated_at":"2025-11-29 11:48:06"}
[2025-12-02 08:35:32] getNodes - Automation ID: 1, Nós encontrados: 2
[2025-12-02 08:35:32] getNodes - Primeiro nó: {"id":1,"automation_id":1,"node_type":"trigger","node_data":"{\"label\": \"Gatilho\", \"channel\": \"\", \"connections\": [{\"type\": \"next\", \"target_node_id\": \"node_2\"}, {\"type\": \"next\", \"target_node_id\": 2}], \"whatsapp_account_id\": \"\"}","position_x":146,"position_y":196,"created_at":"2025-11-29 11:46:31","updated_at":"2025-11-29 11:48:06"}
[2025-12-02 08:35:32] getNodes - Automation ID: 1, Nós encontrados: 2
[2025-12-02 08:35:32] getNodes - Primeiro nó: {"id":1,"automation_id":1,"node_type":"trigger","node_data":"{\"label\": \"Gatilho\", \"channel\": \"\", \"connections\": [{\"type\": \"next\", \"target_node_id\": \"node_2\"}, {\"type\": \"next\", \"target_node_id\": 2}], \"whatsapp_account_id\": \"\"}","position_x":146,"position_y":196,"created_at":"2025-11-29 11:46:31","updated_at":"2025-11-29 11:48:06"}
[2025-12-02 08:35:32] getNodes - Automation ID: 1, Nós encontrados: 2
[2025-12-02 08:35:32] getNodes - Primeiro nó: {"id":1,"automation_id":1,"node_type":"trigger","node_data":"{\"label\": \"Gatilho\", \"channel\": \"\", \"connections\": [{\"type\": \"next\", \"target_node_id\": \"node_2\"}, {\"type\": \"next\", \"target_node_id\": 2}], \"whatsapp_account_id\": \"\"}","position_x":146,"position_y":196,"created_at":"2025-11-29 11:46:31","updated_at":"2025-11-29 11:48:06"}
[2025-12-02 08:35:33] getNodes - Automation ID: 1, Nós encontrados: 2
[2025-12-02 08:35:33] getNodes - Primeiro nó: {"id":1,"automation_id":1,"node_type":"trigger","node_data":"{\"label\": \"Gatilho\", \"channel\": \"\", \"connections\": [{\"type\": \"next\", \"target_node_id\": \"node_2\"}, {\"type\": \"next\", \"target_node_id\": 2}], \"whatsapp_account_id\": \"\"}","position_x":146,"position_y":196,"created_at":"2025-11-29 11:46:31","updated_at":"2025-11-29 11:48:06"}
[2025-12-02 08:36:14] getNodes - Automation ID: 1, Nós encontrados: 2
[2025-12-02 08:36:14] getNodes - Primeiro nó: {"id":1,"automation_id":1,"node_type":"trigger","node_data":"{\"label\": \"Gatilho\", \"channel\": \"\", \"connections\": [{\"type\": \"next\", \"target_node_id\": \"node_2\"}, {\"type\": \"next\", \"target_node_id\": 2}], \"whatsapp_account_id\": \"\"}","position_x":146,"position_y":196,"created_at":"2025-11-29 11:46:31","updated_at":"2025-11-29 11:48:06"}
[2025-12-02 08:36:14] getNodes - Automation ID: 1, Nós encontrados: 2
[2025-12-02 08:36:14] getNodes - Primeiro nó: {"id":1,"automation_id":1,"node_type":"trigger","node_data":"{\"label\": \"Gatilho\", \"channel\": \"\", \"connections\": [{\"type\": \"next\", \"target_node_id\": \"node_2\"}, {\"type\": \"next\", \"target_node_id\": 2}], \"whatsapp_account_id\": \"\"}","position_x":146,"position_y":196,"created_at":"2025-11-29 11:46:31","updated_at":"2025-11-29 11:48:06"}
[2025-12-02 08:36:22] getNodes - Automation ID: 1, Nós encontrados: 2
[2025-12-02 08:36:22] getNodes - Primeiro nó: {"id":1,"automation_id":1,"node_type":"trigger","node_data":"{\"label\": \"Gatilho\", \"channel\": \"\", \"connections\": [{\"type\": \"next\", \"target_node_id\": \"node_2\"}, {\"type\": \"next\", \"target_node_id\": 2}], \"whatsapp_account_id\": \"\"}","position_x":146,"position_y":196,"created_at":"2025-11-29 11:46:31","updated_at":"2025-11-29 11:48:06"}
[2025-12-02 08:36:23] getNodes - Automation ID: 1, Nós encontrados: 2
[2025-12-02 08:36:23] getNodes - Primeiro nó: {"id":1,"automation_id":1,"node_type":"trigger","node_data":"{\"label\": \"Gatilho\", \"channel\": \"\", \"connections\": [{\"type\": \"next\", \"target_node_id\": \"node_2\"}, {\"type\": \"next\", \"target_node_id\": 2}], \"whatsapp_account_id\": \"\"}","position_x":146,"position_y":196,"created_at":"2025-11-29 11:46:31","updated_at":"2025-11-29 11:48:06"}
[2025-12-02 08:36:23] getNodes - Automation ID: 1, Nós encontrados: 2
[2025-12-02 08:36:23] getNodes - Primeiro nó: {"id":1,"automation_id":1,"node_type":"trigger","node_data":"{\"label\": \"Gatilho\", \"channel\": \"\", \"connections\": [{\"type\": \"next\", \"target_node_id\": \"node_2\"}, {\"type\": \"next\", \"target_node_id\": 2}], \"whatsapp_account_id\": \"\"}","position_x":146,"position_y":196,"created_at":"2025-11-29 11:46:31","updated_at":"2025-11-29 11:48:06"}
[2025-12-02 08:36:45] getNodes - Automation ID: 1, Nós encontrados: 2
[2025-12-02 08:36:45] getNodes - Primeiro nó: {"id":1,"automation_id":1,"node_type":"trigger","node_data":"{\"label\": \"Gatilho\", \"channel\": \"\", \"connections\": [{\"type\": \"next\", \"target_node_id\": \"node_2\"}, {\"type\": \"next\", \"target_node_id\": 2}], \"whatsapp_account_id\": \"\"}","position_x":146,"position_y":196,"created_at":"2025-11-29 11:46:31","updated_at":"2025-11-29 11:48:06"}
[2025-12-02 08:36:46] getNodes - Automation ID: 1, Nós encontrados: 2
[2025-12-02 08:36:46] getNodes - Primeiro nó: {"id":1,"automation_id":1,"node_type":"trigger","node_data":"{\"label\": \"Gatilho\", \"channel\": \"\", \"connections\": [{\"type\": \"next\", \"target_node_id\": \"node_2\"}, {\"type\": \"next\", \"target_node_id\": 2}], \"whatsapp_account_id\": \"\"}","position_x":146,"position_y":196,"created_at":"2025-11-29 11:46:31","updated_at":"2025-11-29 11:48:06"}
[2025-12-02 08:37:46] getNodes - Automation ID: 1, Nós encontrados: 2
[2025-12-02 08:37:46] getNodes - Primeiro nó: {"id":1,"automation_id":1,"node_type":"trigger","node_data":"{\"label\": \"Gatilho\", \"channel\": \"\", \"connections\": [{\"type\": \"next\", \"target_node_id\": \"node_2\"}, {\"type\": \"next\", \"target_node_id\": 2}], \"whatsapp_account_id\": \"\"}","position_x":146,"position_y":196,"created_at":"2025-11-29 11:46:31","updated_at":"2025-11-29 11:48:06"}
[2025-12-02 08:37:47] getNodes - Automation ID: 1, Nós encontrados: 2
[2025-12-02 08:37:47] getNodes - Primeiro nó: {"id":1,"automation_id":1,"node_type":"trigger","node_data":"{\"label\": \"Gatilho\", \"channel\": \"\", \"connections\": [{\"type\": \"next\", \"target_node_id\": \"node_2\"}, {\"type\": \"next\", \"target_node_id\": 2}], \"whatsapp_account_id\": \"\"}","position_x":146,"position_y":196,"created_at":"2025-11-29 11:46:31","updated_at":"2025-11-29 11:48:06"}
[2025-12-02 08:37:54] getNodes - Automation ID: 1, Nós encontrados: 2
[2025-12-02 08:37:54] getNodes - Primeiro nó: {"id":1,"automation_id":1,"node_type":"trigger","node_data":"{\"label\": \"Gatilho\", \"channel\": \"\", \"connections\": [{\"type\": \"next\", \"target_node_id\": \"node_2\"}, {\"type\": \"next\", \"target_node_id\": 2}], \"whatsapp_account_id\": \"\"}","position_x":146,"position_y":196,"created_at":"2025-11-29 11:46:31","updated_at":"2025-11-29 11:48:06"}
[2025-12-02 08:37:54] show.php - Automation ID: 1
[2025-12-02 08:37:54] show.php - Nós recebidos: 2
[2025-12-02 08:37:54] show.php - Primeiro nó: {"id":1,"automation_id":1,"node_type":"trigger","node_data":{"label":"Gatilho","channel":"","connections":[{"type":"next","target_node_id":"node_2"},{"type":"next","target_node_id":2}],"whatsapp_account_id":""},"position_x":146,"position_y":196,"created_at":"2025-11-29 11:46:31","updated_at":"2025-11-29 11:48:06"}
[2025-12-02 08:37:54] show.php - JSON gerado (primeiros 200 chars): [{"id":1,"automation_id":1,"node_type":"trigger","node_data":{"label":"Gatilho","channel":"","connections":[{"type":"next","target_node_id":"node_2"},{"type":"next","target_node_id":2}],"whatsapp_acco
[2025-12-02 08:37:54] show.php - Total de nós no JSON: 2
[2025-12-02 08:38:30] getNodes - Automation ID: 1, Nós encontrados: 2
[2025-12-02 08:38:30] getNodes - Primeiro nó: {"id":1,"automation_id":1,"node_type":"trigger","node_data":"{\"label\": \"Gatilho\", \"channel\": \"\", \"connections\": [{\"type\": \"next\", \"target_node_id\": \"node_2\"}, {\"type\": \"next\", \"target_node_id\": 2}], \"whatsapp_account_id\": \"\"}","position_x":146,"position_y":196,"created_at":"2025-11-29 11:46:31","updated_at":"2025-11-29 11:48:06"}
[2025-12-02 08:38:30] show.php - Automation ID: 1
[2025-12-02 08:38:30] show.php - Nós recebidos: 2
[2025-12-02 08:38:30] show.php - Primeiro nó: {"id":1,"automation_id":1,"node_type":"trigger","node_data":{"label":"Gatilho","channel":"","connections":[{"type":"next","target_node_id":"node_2"},{"type":"next","target_node_id":2}],"whatsapp_account_id":""},"position_x":146,"position_y":196,"created_at":"2025-11-29 11:46:31","updated_at":"2025-11-29 11:48:06"}
[2025-12-02 08:38:30] show.php - JSON gerado (primeiros 200 chars): [{"id":1,"automation_id":1,"node_type":"trigger","node_data":{"label":"Gatilho","channel":"","connections":[{"type":"next","target_node_id":"node_2"},{"type":"next","target_node_id":2}],"whatsapp_acco
[2025-12-02 08:38:30] show.php - Total de nós no JSON: 2
[2025-12-02 08:38:31] getNodes - Automation ID: 1, Nós encontrados: 2
[2025-12-02 08:38:31] getNodes - Primeiro nó: {"id":1,"automation_id":1,"node_type":"trigger","node_data":"{\"label\": \"Gatilho\", \"channel\": \"\", \"connections\": [{\"type\": \"next\", \"target_node_id\": \"node_2\"}, {\"type\": \"next\", \"target_node_id\": 2}], \"whatsapp_account_id\": \"\"}","position_x":146,"position_y":196,"created_at":"2025-11-29 11:46:31","updated_at":"2025-11-29 11:48:06"}
[2025-12-02 08:38:31] show.php - Automation ID: 1
[2025-12-02 08:38:31] show.php - Nós recebidos: 2
[2025-12-02 08:38:31] show.php - Primeiro nó: {"id":1,"automation_id":1,"node_type":"trigger","node_data":{"label":"Gatilho","channel":"","connections":[{"type":"next","target_node_id":"node_2"},{"type":"next","target_node_id":2}],"whatsapp_account_id":""},"position_x":146,"position_y":196,"created_at":"2025-11-29 11:46:31","updated_at":"2025-11-29 11:48:06"}
[2025-12-02 08:38:31] show.php - JSON gerado (primeiros 200 chars): [{"id":1,"automation_id":1,"node_type":"trigger","node_data":{"label":"Gatilho","channel":"","connections":[{"type":"next","target_node_id":"node_2"},{"type":"next","target_node_id":2}],"whatsapp_acco
[2025-12-02 08:38:31] show.php - Total de nós no JSON: 2
[2025-12-02 08:39:49] getNodes - Automation ID: 1, Nós encontrados: 2
[2025-12-02 08:39:49] getNodes - Primeiro nó: {"id":1,"automation_id":1,"node_type":"trigger","node_data":"{\"label\": \"Gatilho\", \"channel\": \"\", \"connections\": [{\"type\": \"next\", \"target_node_id\": \"node_2\"}, {\"type\": \"next\", \"target_node_id\": 2}], \"whatsapp_account_id\": \"\"}","position_x":146,"position_y":196,"created_at":"2025-11-29 11:46:31","updated_at":"2025-11-29 11:48:06"}
[2025-12-02 08:39:49] show.php - Automation ID: 1
[2025-12-02 08:39:49] show.php - Nós recebidos: 2
[2025-12-02 08:39:49] show.php - Primeiro nó: {"id":1,"automation_id":1,"node_type":"trigger","node_data":{"label":"Gatilho","channel":"","connections":[{"type":"next","target_node_id":"node_2"},{"type":"next","target_node_id":2}],"whatsapp_account_id":""},"position_x":146,"position_y":196,"created_at":"2025-11-29 11:46:31","updated_at":"2025-11-29 11:48:06"}
[2025-12-02 08:39:49] show.php - JSON gerado (primeiros 200 chars): [{"id":1,"automation_id":1,"node_type":"trigger","node_data":{"label":"Gatilho","channel":"","connections":[{"type":"next","target_node_id":"node_2"},{"type":"next","target_node_id":2}],"whatsapp_acco
[2025-12-02 08:39:49] show.php - Total de nós no JSON: 2
[2025-12-02 12:03:29] getNodes - Automation ID: 1, Nós encontrados: 2
[2025-12-02 12:03:29] getNodes - Primeiro nó: {"id":1,"automation_id":1,"node_type":"trigger","node_data":"{\"label\": \"Gatilho\", \"channel\": \"\", \"connections\": [{\"type\": \"next\", \"target_node_id\": \"node_2\"}, {\"type\": \"next\", \"target_node_id\": 2}], \"whatsapp_account_id\": \"\"}","position_x":146,"position_y":196,"created_at":"2025-11-29 11:46:31","updated_at":"2025-11-29 11:48:06"}
[2025-12-02 12:03:29] show.php - Automation ID: 1
[2025-12-02 12:03:29] show.php - Nós recebidos: 2
[2025-12-02 12:03:29] show.php - Primeiro nó: {"id":1,"automation_id":1,"node_type":"trigger","node_data":{"label":"Gatilho","channel":"","connections":[{"type":"next","target_node_id":"node_2"},{"type":"next","target_node_id":2}],"whatsapp_account_id":""},"position_x":146,"position_y":196,"created_at":"2025-11-29 11:46:31","updated_at":"2025-11-29 11:48:06"}
[2025-12-02 12:03:29] show.php - JSON gerado (primeiros 200 chars): [{"id":1,"automation_id":1,"node_type":"trigger","node_data":{"label":"Gatilho","channel":"","connections":[{"type":"next","target_node_id":"node_2"},{"type":"next","target_node_id":2}],"whatsapp_acco
[2025-12-02 12:03:29] show.php - Total de nós no JSON: 2
[2025-12-02 12:09:13] getNodes - Automation ID: 1, Nós encontrados: 2
[2025-12-02 12:09:13] getNodes - Primeiro nó: {"id":1,"automation_id":1,"node_type":"trigger","node_data":"{\"label\": \"Gatilho\", \"channel\": \"\", \"connections\": [{\"type\": \"next\", \"target_node_id\": \"node_2\"}, {\"type\": \"next\", \"target_node_id\": 2}], \"whatsapp_account_id\": \"\"}","position_x":146,"position_y":196,"created_at":"2025-11-29 11:46:31","updated_at":"2025-11-29 11:48:06"}
[2025-12-02 12:09:13] show.php - Automation ID: 1
[2025-12-02 12:09:13] show.php - Nós recebidos: 2
[2025-12-02 12:09:13] show.php - Primeiro nó: {"id":1,"automation_id":1,"node_type":"trigger","node_data":{"label":"Gatilho","channel":"","connections":[{"type":"next","target_node_id":"node_2"},{"type":"next","target_node_id":2}],"whatsapp_account_id":""},"position_x":146,"position_y":196,"created_at":"2025-11-29 11:46:31","updated_at":"2025-11-29 11:48:06"}
[2025-12-02 12:09:13] show.php - JSON gerado (primeiros 200 chars): [{"id":1,"automation_id":1,"node_type":"trigger","node_data":{"label":"Gatilho","channel":"","connections":[{"type":"next","target_node_id":"node_2"},{"type":"next","target_node_id":2}],"whatsapp_acco
[2025-12-02 12:09:13] show.php - Total de nós no JSON: 2
[2025-12-02 12:10:55] getNodes - Automation ID: 1, Nós encontrados: 2
[2025-12-02 12:10:55] getNodes - Primeiro nó: {"id":1,"automation_id":1,"node_type":"trigger","node_data":"{\"label\": \"Gatilho\", \"channel\": \"\", \"connections\": [{\"type\": \"next\", \"target_node_id\": \"node_2\"}, {\"type\": \"next\", \"target_node_id\": 2}], \"whatsapp_account_id\": \"\"}","position_x":146,"position_y":196,"created_at":"2025-11-29 11:46:31","updated_at":"2025-11-29 11:48:06"}
[2025-12-02 12:10:55] show.php - Automation ID: 1
[2025-12-02 12:10:55] show.php - Nós recebidos: 2
[2025-12-02 12:10:55] show.php - Primeiro nó: {"id":1,"automation_id":1,"node_type":"trigger","node_data":{"label":"Gatilho","channel":"","connections":[{"type":"next","target_node_id":"node_2"},{"type":"next","target_node_id":2}],"whatsapp_account_id":""},"position_x":146,"position_y":196,"created_at":"2025-11-29 11:46:31","updated_at":"2025-11-29 11:48:06"}
[2025-12-02 12:10:55] show.php - JSON gerado (primeiros 200 chars): [{"id":1,"automation_id":1,"node_type":"trigger","node_data":{"label":"Gatilho","channel":"","connections":[{"type":"next","target_node_id":"node_2"},{"type":"next","target_node_id":2}],"whatsapp_acco
[2025-12-02 12:10:55] show.php - Total de nós no JSON: 2
[2025-12-02 12:10:58] getNodes - Automation ID: 1, Nós encontrados: 2
[2025-12-02 12:10:58] getNodes - Primeiro nó: {"id":1,"automation_id":1,"node_type":"trigger","node_data":"{\"label\": \"Gatilho\", \"channel\": \"\", \"connections\": [{\"type\": \"next\", \"target_node_id\": \"node_2\"}, {\"type\": \"next\", \"target_node_id\": 2}], \"whatsapp_account_id\": \"\"}","position_x":146,"position_y":196,"created_at":"2025-11-29 11:46:31","updated_at":"2025-11-29 11:48:06"}
[2025-12-02 12:10:58] show.php - Automation ID: 1
[2025-12-02 12:10:58] show.php - Nós recebidos: 2
[2025-12-02 12:10:58] show.php - Primeiro nó: {"id":1,"automation_id":1,"node_type":"trigger","node_data":{"label":"Gatilho","channel":"","connections":[{"type":"next","target_node_id":"node_2"},{"type":"next","target_node_id":2}],"whatsapp_account_id":""},"position_x":146,"position_y":196,"created_at":"2025-11-29 11:46:31","updated_at":"2025-11-29 11:48:06"}
[2025-12-02 12:10:58] show.php - JSON gerado (primeiros 200 chars): [{"id":1,"automation_id":1,"node_type":"trigger","node_data":{"label":"Gatilho","channel":"","connections":[{"type":"next","target_node_id":"node_2"},{"type":"next","target_node_id":2}],"whatsapp_acco
[2025-12-02 12:10:58] show.php - Total de nós no JSON: 2
[2025-12-02 12:12:40] getNodes - Automation ID: 1, Nós encontrados: 2
[2025-12-02 12:12:40] getNodes - Primeiro nó: {"id":1,"automation_id":1,"node_type":"trigger","node_data":"{\"label\": \"Gatilho\", \"channel\": \"\", \"connections\": [{\"type\": \"next\", \"target_node_id\": \"node_2\"}, {\"type\": \"next\", \"target_node_id\": 2}], \"whatsapp_account_id\": \"\"}","position_x":146,"position_y":196,"created_at":"2025-11-29 11:46:31","updated_at":"2025-11-29 11:48:06"}
[2025-12-02 12:12:40] show.php - Automation ID: 1
[2025-12-02 12:12:40] show.php - Nós recebidos: 2
[2025-12-02 12:12:40] show.php - Primeiro nó: {"id":1,"automation_id":1,"node_type":"trigger","node_data":{"label":"Gatilho","channel":"","connections":[{"type":"next","target_node_id":"node_2"},{"type":"next","target_node_id":2}],"whatsapp_account_id":""},"position_x":146,"position_y":196,"created_at":"2025-11-29 11:46:31","updated_at":"2025-11-29 11:48:06"}
[2025-12-02 12:12:40] show.php - JSON gerado (primeiros 200 chars): [{"id":1,"automation_id":1,"node_type":"trigger","node_data":{"label":"Gatilho","channel":"","connections":[{"type":"next","target_node_id":"node_2"},{"type":"next","target_node_id":2}],"whatsapp_acco
[2025-12-02 12:12:40] show.php - Total de nós no JSON: 2
[2025-12-02 12:14:12] getNodes - Automation ID: 1, Nós encontrados: 2
[2025-12-02 12:14:12] getNodes - Primeiro nó: {"id":1,"automation_id":1,"node_type":"trigger","node_data":"{\"label\": \"Gatilho\", \"channel\": \"\", \"connections\": [{\"type\": \"next\", \"target_node_id\": \"node_2\"}, {\"type\": \"next\", \"target_node_id\": 2}], \"whatsapp_account_id\": \"\"}","position_x":146,"position_y":196,"created_at":"2025-11-29 11:46:31","updated_at":"2025-11-29 11:48:06"}
[2025-12-02 12:14:12] show.php - Automation ID: 1
[2025-12-02 12:14:12] show.php - Nós recebidos: 2
[2025-12-02 12:14:12] show.php - Primeiro nó: {"id":1,"automation_id":1,"node_type":"trigger","node_data":{"label":"Gatilho","channel":"","connections":[{"type":"next","target_node_id":"node_2"},{"type":"next","target_node_id":2}],"whatsapp_account_id":""},"position_x":146,"position_y":196,"created_at":"2025-11-29 11:46:31","updated_at":"2025-11-29 11:48:06"}
[2025-12-02 12:14:12] show.php - JSON gerado (primeiros 200 chars): [{"id":1,"automation_id":1,"node_type":"trigger","node_data":{"label":"Gatilho","channel":"","connections":[{"type":"next","target_node_id":"node_2"},{"type":"next","target_node_id":2}],"whatsapp_acco
[2025-12-02 12:14:12] show.php - Total de nós no JSON: 2
[2025-12-02 12:14:54] getNodes - Automation ID: 1, Nós encontrados: 2
[2025-12-02 12:14:54] getNodes - Primeiro nó: {"id":1,"automation_id":1,"node_type":"trigger","node_data":"{\"label\": \"Gatilho\", \"channel\": \"\", \"connections\": [{\"type\": \"next\", \"target_node_id\": \"node_2\"}, {\"type\": \"next\", \"target_node_id\": 2}], \"whatsapp_account_id\": \"\"}","position_x":146,"position_y":196,"created_at":"2025-11-29 11:46:31","updated_at":"2025-11-29 11:48:06"}
[2025-12-02 12:14:54] show.php - Automation ID: 1
[2025-12-02 12:14:54] show.php - Nós recebidos: 2
[2025-12-02 12:14:54] show.php - Primeiro nó: {"id":1,"automation_id":1,"node_type":"trigger","node_data":{"label":"Gatilho","channel":"","connections":[{"type":"next","target_node_id":"node_2"},{"type":"next","target_node_id":2}],"whatsapp_account_id":""},"position_x":146,"position_y":196,"created_at":"2025-11-29 11:46:31","updated_at":"2025-11-29 11:48:06"}
[2025-12-02 12:14:54] show.php - JSON gerado (primeiros 200 chars): [{"id":1,"automation_id":1,"node_type":"trigger","node_data":{"label":"Gatilho","channel":"","connections":[{"type":"next","target_node_id":"node_2"},{"type":"next","target_node_id":2}],"whatsapp_acco
[2025-12-02 12:14:54] show.php - Total de nós no JSON: 2
[2025-12-02 12:15:30] getNodes - Automation ID: 1, Nós encontrados: 2
[2025-12-02 12:15:30] getNodes - Primeiro nó: {"id":1,"automation_id":1,"node_type":"trigger","node_data":"{\"label\": \"Gatilho\", \"channel\": \"\", \"connections\": [{\"type\": \"next\", \"target_node_id\": \"node_2\"}, {\"type\": \"next\", \"target_node_id\": 2}], \"whatsapp_account_id\": \"\"}","position_x":146,"position_y":196,"created_at":"2025-11-29 11:46:31","updated_at":"2025-11-29 11:48:06"}
[2025-12-02 12:15:30] show.php - Automation ID: 1
[2025-12-02 12:15:30] show.php - Nós recebidos: 2
[2025-12-02 12:15:30] show.php - Primeiro nó: {"id":1,"automation_id":1,"node_type":"trigger","node_data":{"label":"Gatilho","channel":"","connections":[{"type":"next","target_node_id":"node_2"},{"type":"next","target_node_id":2}],"whatsapp_account_id":""},"position_x":146,"position_y":196,"created_at":"2025-11-29 11:46:31","updated_at":"2025-11-29 11:48:06"}
[2025-12-02 12:15:30] show.php - JSON gerado (primeiros 200 chars): [{"id":1,"automation_id":1,"node_type":"trigger","node_data":{"label":"Gatilho","channel":"","connections":[{"type":"next","target_node_id":"node_2"},{"type":"next","target_node_id":2}],"whatsapp_acco
[2025-12-02 12:15:30] show.php - Total de nós no JSON: 2
[2025-12-02 13:50:50] getNodes - Automation ID: 1, Nós encontrados: 2
[2025-12-02 13:50:50] getNodes - Primeiro nó: {"id":1,"automation_id":1,"node_type":"trigger","node_data":"{\"label\": \"Gatilho\", \"channel\": \"\", \"connections\": [{\"type\": \"next\", \"target_node_id\": \"node_2\"}, {\"type\": \"next\", \"target_node_id\": 2}], \"whatsapp_account_id\": \"\"}","position_x":146,"position_y":196,"created_at":"2025-11-29 11:46:31","updated_at":"2025-11-29 11:48:06"}
[2025-12-02 13:50:50] show.php - Automation ID: 1
[2025-12-02 13:50:50] show.php - Nós recebidos: 2
[2025-12-02 13:50:50] show.php - Primeiro nó: {"id":1,"automation_id":1,"node_type":"trigger","node_data":{"label":"Gatilho","channel":"","connections":[{"type":"next","target_node_id":"node_2"},{"type":"next","target_node_id":2}],"whatsapp_account_id":""},"position_x":146,"position_y":196,"created_at":"2025-11-29 11:46:31","updated_at":"2025-11-29 11:48:06"}
[2025-12-02 13:50:50] show.php - JSON gerado (primeiros 200 chars): [{"id":1,"automation_id":1,"node_type":"trigger","node_data":{"label":"Gatilho","channel":"","connections":[{"type":"next","target_node_id":"node_2"},{"type":"next","target_node_id":2}],"whatsapp_acco
[2025-12-02 13:50:50] show.php - Total de nós no JSON: 2
[2025-12-02 13:55:39] getNodes - Automation ID: 1, Nós encontrados: 2
[2025-12-02 13:55:39] getNodes - Primeiro nó: {"id":1,"automation_id":1,"node_type":"trigger","node_data":"{\"label\": \"Gatilho\", \"channel\": \"\", \"connections\": [{\"type\": \"next\", \"target_node_id\": \"node_2\"}, {\"type\": \"next\", \"target_node_id\": 2}], \"whatsapp_account_id\": \"\"}","position_x":146,"position_y":196,"created_at":"2025-11-29 11:46:31","updated_at":"2025-11-29 11:48:06"}
[2025-12-02 13:55:39] show.php - Automation ID: 1
[2025-12-02 13:55:39] show.php - Nós recebidos: 2
[2025-12-02 13:55:39] show.php - Primeiro nó: {"id":1,"automation_id":1,"node_type":"trigger","node_data":{"label":"Gatilho","channel":"","connections":[{"type":"next","target_node_id":"node_2"},{"type":"next","target_node_id":2}],"whatsapp_account_id":""},"position_x":146,"position_y":196,"created_at":"2025-11-29 11:46:31","updated_at":"2025-11-29 11:48:06"}
[2025-12-02 13:55:39] show.php - JSON gerado (primeiros 200 chars): [{"id":1,"automation_id":1,"node_type":"trigger","node_data":{"label":"Gatilho","channel":"","connections":[{"type":"next","target_node_id":"node_2"},{"type":"next","target_node_id":2}],"whatsapp_acco
[2025-12-02 13:55:39] show.php - Total de nós no JSON: 2
[2025-12-06 15:11:08] getNodes - Automation ID: 1, Nós encontrados: 2
[2025-12-06 15:11:08] getNodes - Primeiro nó: {"id":1,"automation_id":1,"node_type":"trigger","node_data":"{\"label\": \"Gatilho\", \"channel\": \"\", \"connections\": [{\"type\": \"next\", \"target_node_id\": \"node_2\"}, {\"type\": \"next\", \"target_node_id\": 2}], \"whatsapp_account_id\": \"\"}","position_x":146,"position_y":196,"created_at":"2025-11-29 11:46:31","updated_at":"2025-11-29 11:48:06"}
[2025-12-06 15:11:08] show.php - Automation ID: 1
[2025-12-06 15:11:08] show.php - Nós recebidos: 2
[2025-12-06 15:11:08] show.php - Primeiro nó: {"id":1,"automation_id":1,"node_type":"trigger","node_data":{"label":"Gatilho","channel":"","connections":[{"type":"next","target_node_id":"node_2"},{"type":"next","target_node_id":2}],"whatsapp_account_id":""},"position_x":146,"position_y":196,"created_at":"2025-11-29 11:46:31","updated_at":"2025-11-29 11:48:06"}
[2025-12-06 15:11:08] show.php - JSON gerado (primeiros 200 chars): [{"id":1,"automation_id":1,"node_type":"trigger","node_data":{"label":"Gatilho","channel":"","connections":[{"type":"next","target_node_id":"node_2"},{"type":"next","target_node_id":2}],"whatsapp_acco
[2025-12-06 15:11:08] show.php - Total de nós no JSON: 2
